<?xml version="1.0" encoding="UTF-8"?>
<testsuites name="SwapMate_TestSuite" time="129.907" tests="4" failures="0" errors="0">
   <testsuite name="SwapMate_TestSuite" tests="4" failures="0" errors="0" time="129.907" skipped="0" timestamp="2022-05-20 22:04:38" hostname="prabh - DESKTOP-DI7ILBH" id="Test Suites/SwapMate_TestSuite">
      <properties>
         <property name="deviceName" value=""/>
         <property name="devicePlatform" value=""/>
         <property name="logFolder" value="C:\\Users\\prabh\\Documents\\GitHub\\SwapMateAutomationTests\\Reports\\20220520_220435\\SwapMate_TestSuite\\20220520_220436"/>
         <property name="logFiles" value="C:\\Users\\prabh\\Documents\\GitHub\\SwapMateAutomationTests\\Reports\\20220520_220435\\SwapMate_TestSuite\\20220520_220436\\execution0.log"/>
         <property name="attachments" value=""/>
         <property name="hostName" value="prabh - DESKTOP-DI7ILBH"/>
         <property name="os" value="Windows 10 64bit"/>
         <property name="katalonVersion" value="8.2.5.208"/>
         <property name="browser" value="Chrome 101.0.4951.67"/>
         <property name="hostAddress" value="192.168.1.6"/>
         <property name="sessionId" value="ec1cf1b826ed1efcd91beb3bd57ecb40"/>
         <property name="seleniumVersion" value="3.141.59"/>
         <property name="proxyInformation" value="ProxyInformation { proxyOption=NO_PROXY, proxyServerType=HTTP, username=, password=********, proxyServerAddress=, proxyServerPort=0, executionList=&quot;&quot;, isApplyToDesiredCapabilities=true }"/>
         <property name="platform" value="Windows 10"/>
      </properties>
      <testcase name="Test Cases/Admin Login_Logout" time="10.04" classname="Test Cases/Admin Login_Logout" status="PASSED">
         <system-out><![CDATA[2022-05-20 22:04:38 - [TEST_CASE][PASSED] - Test Cases/Admin Login_Logout: Test Cases/Admin Login_Logout

2022-05-20 22:04:38 - [TEST_STEP][PASSED] - openBrowser(""): Browser is opened with url: ''

2022-05-20 22:04:39 - [MESSAGE][INFO] - Starting 'Chrome' driver

2022-05-20 22:04:39 - [MESSAGE][INFO] - Action delay is set to 0 milliseconds

2022-05-20 22:04:40 - [MESSAGE][PASSED] - Browser is opened with url: ''

2022-05-20 22:04:40 - [TEST_STEP][PASSED] - navigateToUrl("http://localhost:4200/site"): Navigate to 'http://localhost:4200/site' successfully

2022-05-20 22:04:42 - [MESSAGE][PASSED] - Navigate to 'http://localhost:4200/site' successfully

2022-05-20 22:04:42 - [TEST_STEP][PASSED] - click(findTestObject("Object Repository/Admin_Login_Logout/Page_SwapMate/i_Products_fas fa-user-cog")): Object: 'Object Repository/Admin_Login_Logout/Page_SwapMate/i_Products_fas fa-user-cog' is clicked on

2022-05-20 22:04:44 - [MESSAGE][PASSED] - Object: 'Object Repository/Admin_Login_Logout/Page_SwapMate/i_Products_fas fa-user-cog' is clicked on

2022-05-20 22:04:44 - [TEST_STEP][PASSED] - verifyElementPresent(findTestObject("Object Repository/Admin_Login_Logout/Page_SwapMate/h3_Admin Login Panel"), 0): Object 'Object Repository/Admin_Login_Logout/Page_SwapMate/h3_Admin Login Panel' is present

2022-05-20 22:04:44 - [MESSAGE][WARNING] - Timeout '0' is invalid. Using default page load timeout: '30'

2022-05-20 22:04:44 - [MESSAGE][PASSED] - Object 'Object Repository/Admin_Login_Logout/Page_SwapMate/h3_Admin Login Panel' is present

2022-05-20 22:04:44 - [TEST_STEP][PASSED] - setText(findTestObject("Object Repository/Admin_Login_Logout/Page_SwapMate/input_Email address_email"), "Admin@gmail.com"): Text 'Admin@gmail.com' is set on object 'Object Repository/Admin_Login_Logout/Page_SwapMate/input_Email address_email'

2022-05-20 22:04:45 - [MESSAGE][PASSED] - Text 'Admin@gmail.com' is set on object 'Object Repository/Admin_Login_Logout/Page_SwapMate/input_Email address_email'

2022-05-20 22:04:45 - [TEST_STEP][PASSED] - setEncryptedText(findTestObject("Object Repository/Admin_Login_Logout/Page_SwapMate/input_Password_password"), "/5S6MFFLcE4mlsixtc6/Tg=="): Text ****** has been set on object 'Object Repository/Admin_Login_Logout/Page_SwapMate/input_Password_password'

2022-05-20 22:04:45 - [MESSAGE][PASSED] - Text ****** has been set on object 'Object Repository/Admin_Login_Logout/Page_SwapMate/input_Password_password'

2022-05-20 22:04:45 - [TEST_STEP][PASSED] - click(findTestObject("Object Repository/Admin_Login_Logout/Page_SwapMate/button_Submit")): Object: 'Object Repository/Admin_Login_Logout/Page_SwapMate/button_Submit' is clicked on

2022-05-20 22:04:46 - [MESSAGE][PASSED] - Object: 'Object Repository/Admin_Login_Logout/Page_SwapMate/button_Submit' is clicked on

2022-05-20 22:04:46 - [TEST_STEP][PASSED] - verifyElementPresent(findTestObject("Object Repository/Admin_Login_Logout/Page_SwapMate/a_SwapMate Admin"), 0): Object 'Object Repository/Admin_Login_Logout/Page_SwapMate/a_SwapMate Admin' is present

2022-05-20 22:04:46 - [MESSAGE][WARNING] - Timeout '0' is invalid. Using default page load timeout: '30'

2022-05-20 22:04:48 - [MESSAGE][PASSED] - Object 'Object Repository/Admin_Login_Logout/Page_SwapMate/a_SwapMate Admin' is present]]></system-out>
         <system-err><![CDATA[]]></system-err>
      </testcase>
      <testcase name="Test Cases/Admin Page Navigation" time="33.962" classname="Test Cases/Admin Page Navigation" status="PASSED">
         <system-out><![CDATA[2022-05-20 22:04:48 - [TEST_CASE][PASSED] - Test Cases/Admin Page Navigation: Test Cases/Admin Page Navigation

2022-05-20 22:04:49 - [TEST_STEP][PASSED] - click(findTestObject("Object Repository/Admin_Page_Navigation/Page_SwapMate/a_Dashboard")): Object: 'Object Repository/Admin_Page_Navigation/Page_SwapMate/a_Dashboard' is clicked on

2022-05-20 22:04:49 - [MESSAGE][PASSED] - Object: 'Object Repository/Admin_Page_Navigation/Page_SwapMate/a_Dashboard' is clicked on

2022-05-20 22:04:49 - [TEST_STEP][PASSED] - verifyElementPresent(findTestObject("Object Repository/Admin_Page_Navigation/Page_SwapMate/h1_Dashboard"), 0): Object 'Object Repository/Admin_Page_Navigation/Page_SwapMate/h1_Dashboard' is present

2022-05-20 22:04:50 - [MESSAGE][WARNING] - Timeout '0' is invalid. Using default page load timeout: '30'

2022-05-20 22:04:50 - [MESSAGE][PASSED] - Object 'Object Repository/Admin_Page_Navigation/Page_SwapMate/h1_Dashboard' is present

2022-05-20 22:04:50 - [TEST_STEP][PASSED] - click(findTestObject("Object Repository/Admin_Page_Navigation/Page_SwapMate/a_Showroom New")): Object: 'Object Repository/Admin_Page_Navigation/Page_SwapMate/a_Showroom New' is clicked on

2022-05-20 22:04:51 - [MESSAGE][PASSED] - Object: 'Object Repository/Admin_Page_Navigation/Page_SwapMate/a_Showroom New' is clicked on

2022-05-20 22:04:51 - [TEST_STEP][PASSED] - verifyElementPresent(findTestObject("Object Repository/Admin_Page_Navigation/Page_SwapMate/h1_Showroom"), 0): Object 'Object Repository/Admin_Page_Navigation/Page_SwapMate/h1_Showroom' is present

2022-05-20 22:04:51 - [MESSAGE][WARNING] - Timeout '0' is invalid. Using default page load timeout: '30'

2022-05-20 22:04:51 - [MESSAGE][PASSED] - Object 'Object Repository/Admin_Page_Navigation/Page_SwapMate/h1_Showroom' is present

2022-05-20 22:04:51 - [TEST_STEP][PASSED] - click(findTestObject("Object Repository/Admin_Page_Navigation/Page_SwapMate/a_My Calendar 6")): Object: 'Object Repository/Admin_Page_Navigation/Page_SwapMate/a_My Calendar 6' is clicked on

2022-05-20 22:04:52 - [MESSAGE][PASSED] - Object: 'Object Repository/Admin_Page_Navigation/Page_SwapMate/a_My Calendar 6' is clicked on

2022-05-20 22:04:52 - [TEST_STEP][PASSED] - verifyElementPresent(findTestObject("Object Repository/Admin_Page_Navigation/Page_SwapMate/h1_Appointments"), 0): Object 'Object Repository/Admin_Page_Navigation/Page_SwapMate/h1_Appointments' is present

2022-05-20 22:04:52 - [MESSAGE][WARNING] - Timeout '0' is invalid. Using default page load timeout: '30'

2022-05-20 22:04:52 - [MESSAGE][PASSED] - Object 'Object Repository/Admin_Page_Navigation/Page_SwapMate/h1_Appointments' is present

2022-05-20 22:04:52 - [TEST_STEP][PASSED] - click(findTestObject("Object Repository/Admin_Page_Navigation/Page_SwapMate/i_New_right fas fa-angle-left")): Object: 'Object Repository/Admin_Page_Navigation/Page_SwapMate/i_New_right fas fa-angle-left' is clicked on

2022-05-20 22:04:53 - [MESSAGE][PASSED] - Object: 'Object Repository/Admin_Page_Navigation/Page_SwapMate/i_New_right fas fa-angle-left' is clicked on

2022-05-20 22:04:53 - [TEST_STEP][PASSED] - click(findTestObject("Object Repository/Admin_Page_Navigation/Page_SwapMate/a_Manage Stock")): Object: 'Object Repository/Admin_Page_Navigation/Page_SwapMate/a_Manage Stock' is clicked on

2022-05-20 22:04:54 - [MESSAGE][PASSED] - Object: 'Object Repository/Admin_Page_Navigation/Page_SwapMate/a_Manage Stock' is clicked on

2022-05-20 22:04:54 - [TEST_STEP][PASSED] - verifyElementPresent(findTestObject("Object Repository/Admin_Page_Navigation/Page_SwapMate/h4_Manage Current Stock"), 0): Object 'Object Repository/Admin_Page_Navigation/Page_SwapMate/h4_Manage Current Stock' is present

2022-05-20 22:04:54 - [MESSAGE][WARNING] - Timeout '0' is invalid. Using default page load timeout: '30'

2022-05-20 22:05:02 - [MESSAGE][PASSED] - Object 'Object Repository/Admin_Page_Navigation/Page_SwapMate/h4_Manage Current Stock' is present

2022-05-20 22:05:02 - [TEST_STEP][PASSED] - click(findTestObject("Object Repository/Admin_Page_Navigation/Page_SwapMate/i_New_right fas fa-angle-left")): Object: 'Object Repository/Admin_Page_Navigation/Page_SwapMate/i_New_right fas fa-angle-left' is clicked on

2022-05-20 22:05:02 - [MESSAGE][PASSED] - Object: 'Object Repository/Admin_Page_Navigation/Page_SwapMate/i_New_right fas fa-angle-left' is clicked on

2022-05-20 22:05:02 - [TEST_STEP][PASSED] - click(findTestObject("Object Repository/Admin_Page_Navigation/Page_SwapMate/a_Manage Donations")): Object: 'Object Repository/Admin_Page_Navigation/Page_SwapMate/a_Manage Donations' is clicked on

2022-05-20 22:05:03 - [MESSAGE][PASSED] - Object: 'Object Repository/Admin_Page_Navigation/Page_SwapMate/a_Manage Donations' is clicked on

2022-05-20 22:05:03 - [TEST_STEP][PASSED] - verifyElementPresent(findTestObject("Object Repository/Admin_Page_Navigation/Page_SwapMate/h1_Donations List"), 0): Object 'Object Repository/Admin_Page_Navigation/Page_SwapMate/h1_Donations List' is present

2022-05-20 22:05:03 - [MESSAGE][WARNING] - Timeout '0' is invalid. Using default page load timeout: '30'

2022-05-20 22:05:06 - [MESSAGE][PASSED] - Object 'Object Repository/Admin_Page_Navigation/Page_SwapMate/h1_Donations List' is present

2022-05-20 22:05:06 - [TEST_STEP][PASSED] - click(findTestObject("Object Repository/Admin_Page_Navigation/Page_SwapMate/i_New_right fas fa-angle-left")): Object: 'Object Repository/Admin_Page_Navigation/Page_SwapMate/i_New_right fas fa-angle-left' is clicked on

2022-05-20 22:05:07 - [MESSAGE][PASSED] - Object: 'Object Repository/Admin_Page_Navigation/Page_SwapMate/i_New_right fas fa-angle-left' is clicked on

2022-05-20 22:05:07 - [TEST_STEP][PASSED] - click(findTestObject("Object Repository/Admin_Page_Navigation/Page_SwapMate/a_Manage Showroom")): Object: 'Object Repository/Admin_Page_Navigation/Page_SwapMate/a_Manage Showroom' is clicked on

2022-05-20 22:05:08 - [MESSAGE][PASSED] - Object: 'Object Repository/Admin_Page_Navigation/Page_SwapMate/a_Manage Showroom' is clicked on

2022-05-20 22:05:08 - [TEST_STEP][PASSED] - verifyElementPresent(findTestObject("Object Repository/Admin_Page_Navigation/Page_SwapMate/h4_Items In Showroom"), 0): Object 'Object Repository/Admin_Page_Navigation/Page_SwapMate/h4_Items In Showroom' is present

2022-05-20 22:05:08 - [MESSAGE][WARNING] - Timeout '0' is invalid. Using default page load timeout: '30'

2022-05-20 22:05:16 - [MESSAGE][PASSED] - Object 'Object Repository/Admin_Page_Navigation/Page_SwapMate/h4_Items In Showroom' is present

2022-05-20 22:05:16 - [TEST_STEP][PASSED] - click(findTestObject("Object Repository/Admin_Page_Navigation/Page_SwapMate/a_Orders")): Object: 'Object Repository/Admin_Page_Navigation/Page_SwapMate/a_Orders' is clicked on

2022-05-20 22:05:17 - [MESSAGE][PASSED] - Object: 'Object Repository/Admin_Page_Navigation/Page_SwapMate/a_Orders' is clicked on

2022-05-20 22:05:17 - [TEST_STEP][PASSED] - verifyElementPresent(findTestObject("Object Repository/Admin_Page_Navigation/Page_SwapMate/h1_Ongoing Orders"), 0): Object 'Object Repository/Admin_Page_Navigation/Page_SwapMate/h1_Ongoing Orders' is present

2022-05-20 22:05:17 - [MESSAGE][WARNING] - Timeout '0' is invalid. Using default page load timeout: '30'

2022-05-20 22:05:17 - [MESSAGE][PASSED] - Object 'Object Repository/Admin_Page_Navigation/Page_SwapMate/h1_Ongoing Orders' is present

2022-05-20 22:05:17 - [TEST_STEP][PASSED] - click(findTestObject("Object Repository/Admin_Page_Navigation/Page_SwapMate/a_Customers")): Object: 'Object Repository/Admin_Page_Navigation/Page_SwapMate/a_Customers' is clicked on

2022-05-20 22:05:18 - [MESSAGE][PASSED] - Object: 'Object Repository/Admin_Page_Navigation/Page_SwapMate/a_Customers' is clicked on

2022-05-20 22:05:18 - [TEST_STEP][PASSED] - verifyElementPresent(findTestObject("Object Repository/Admin_Page_Navigation/Page_SwapMate/h1_Customers"), 0): Object 'Object Repository/Admin_Page_Navigation/Page_SwapMate/h1_Customers' is present

2022-05-20 22:05:18 - [MESSAGE][WARNING] - Timeout '0' is invalid. Using default page load timeout: '30'

2022-05-20 22:05:22 - [MESSAGE][PASSED] - Object 'Object Repository/Admin_Page_Navigation/Page_SwapMate/h1_Customers' is present]]></system-out>
         <system-err><![CDATA[]]></system-err>
      </testcase>
      <testcase name="Test Cases/Add stock items" time="76.627" classname="Test Cases/Add stock items" status="PASSED">
         <system-out><![CDATA[2022-05-20 22:05:22 - [TEST_CASE][PASSED] - Test Cases/Add stock items: Test Cases/Add stock items

2022-05-20 22:05:22 - [TEST_STEP][PASSED] - click(findTestObject("Object Repository/Add stock/Page_SwapMate/i_New_right fas fa-angle-left_1")): Object: 'Object Repository/Add stock/Page_SwapMate/i_New_right fas fa-angle-left_1' is clicked on

2022-05-20 22:05:23 - [MESSAGE][PASSED] - Object: 'Object Repository/Add stock/Page_SwapMate/i_New_right fas fa-angle-left_1' is clicked on

2022-05-20 22:05:23 - [TEST_STEP][PASSED] - click(findTestObject("Object Repository/Add stock/Page_SwapMate/i_New_right fas fa-angle-left_1")): Object: 'Object Repository/Add stock/Page_SwapMate/i_New_right fas fa-angle-left_1' is clicked on

2022-05-20 22:05:23 - [MESSAGE][PASSED] - Object: 'Object Repository/Add stock/Page_SwapMate/i_New_right fas fa-angle-left_1' is clicked on

2022-05-20 22:05:23 - [TEST_STEP][PASSED] - click(findTestObject("Object Repository/Add stock/Page_SwapMate/a_Manage Stock")): Object: 'Object Repository/Add stock/Page_SwapMate/a_Manage Stock' is clicked on

2022-05-20 22:05:24 - [MESSAGE][PASSED] - Object: 'Object Repository/Add stock/Page_SwapMate/a_Manage Stock' is clicked on

2022-05-20 22:05:24 - [TEST_STEP][PASSED] - verifyElementPresent(findTestObject("Object Repository/Add stock/Page_SwapMate/h4_Manage Current Stock"), 0): Object 'Object Repository/Add stock/Page_SwapMate/h4_Manage Current Stock' is present

2022-05-20 22:05:24 - [MESSAGE][WARNING] - Timeout '0' is invalid. Using default page load timeout: '30'

2022-05-20 22:05:32 - [MESSAGE][PASSED] - Object 'Object Repository/Add stock/Page_SwapMate/h4_Manage Current Stock' is present

2022-05-20 22:05:32 - [TEST_STEP][PASSED] - click(findTestObject("Object Repository/Add stock/Page_SwapMate/button_Add new Item")): Object: 'Object Repository/Add stock/Page_SwapMate/button_Add new Item' is clicked on

2022-05-20 22:05:32 - [MESSAGE][PASSED] - Object: 'Object Repository/Add stock/Page_SwapMate/button_Add new Item' is clicked on

2022-05-20 22:05:32 - [TEST_STEP][PASSED] - verifyElementPresent(findTestObject("Object Repository/Add stock/Page_SwapMate/h5_Enter Stock Item Details"), 0): Object 'Object Repository/Add stock/Page_SwapMate/h5_Enter Stock Item Details' is present

2022-05-20 22:05:32 - [MESSAGE][WARNING] - Timeout '0' is invalid. Using default page load timeout: '30'

2022-05-20 22:05:33 - [MESSAGE][PASSED] - Object 'Object Repository/Add stock/Page_SwapMate/h5_Enter Stock Item Details' is present

2022-05-20 22:05:33 - [TEST_STEP][PASSED] - selectOptionByValue(findTestObject("Object Repository/Add stock/Page_SwapMate/select_Ladies WearMens WearKids WearGeneral"), "Ladies' Wear", true): All options with value 'Ladies' Wear' are selected in object 'Object Repository/Add stock/Page_SwapMate/select_Ladies WearMens WearKids WearGeneral'  using regular expression

2022-05-20 22:05:34 - [MESSAGE][PASSED] - All options with value 'Ladies' Wear' are selected in object 'Object Repository/Add stock/Page_SwapMate/select_Ladies WearMens WearKids WearGeneral'  using regular expression

2022-05-20 22:05:34 - [TEST_STEP][PASSED] - selectOptionByValue(findTestObject("Object Repository/Add stock/Page_SwapMate/select_Please select Category firstBridal W_fb86c9"), "Ladies' Skirts", true): All options with value 'Ladies' Skirts' are selected in object 'Object Repository/Add stock/Page_SwapMate/select_Please select Category firstBridal W_fb86c9'  using regular expression

2022-05-20 22:05:35 - [MESSAGE][PASSED] - All options with value 'Ladies' Skirts' are selected in object 'Object Repository/Add stock/Page_SwapMate/select_Please select Category firstBridal W_fb86c9'  using regular expression

2022-05-20 22:05:35 - [TEST_STEP][PASSED] - click(findTestObject("Object Repository/Add stock/Page_SwapMate/p_Rejected")): Object: 'Object Repository/Add stock/Page_SwapMate/p_Rejected' is clicked on

2022-05-20 22:05:35 - [MESSAGE][PASSED] - Object: 'Object Repository/Add stock/Page_SwapMate/p_Rejected' is clicked on

2022-05-20 22:05:35 - [TEST_STEP][PASSED] - selectOptionByValue(findTestObject("Object Repository/Add stock/Page_SwapMate/select_General3S2SXSSMLXL2XL3XL"), "XL", true): All options with value 'XL' are selected in object 'Object Repository/Add stock/Page_SwapMate/select_General3S2SXSSMLXL2XL3XL'  using regular expression

2022-05-20 22:05:36 - [MESSAGE][PASSED] - All options with value 'XL' are selected in object 'Object Repository/Add stock/Page_SwapMate/select_General3S2SXSSMLXL2XL3XL'  using regular expression

2022-05-20 22:05:36 - [TEST_STEP][PASSED] - selectOptionByValue(findTestObject("Object Repository/Add stock/Page_SwapMate/select_UsedUsed in good conditionNot Used"), "Used in Good Condition", true): All options with value 'Used in Good Condition' are selected in object 'Object Repository/Add stock/Page_SwapMate/select_UsedUsed in good conditionNot Used'  using regular expression

2022-05-20 22:05:37 - [MESSAGE][PASSED] - All options with value 'Used in Good Condition' are selected in object 'Object Repository/Add stock/Page_SwapMate/select_UsedUsed in good conditionNot Used'  using regular expression

2022-05-20 22:05:37 - [TEST_STEP][PASSED] - selectOptionByValue(findTestObject("Object Repository/Add stock/Page_SwapMate/select_AvailableNot Available"), "Available", true): All options with value 'Available' are selected in object 'Object Repository/Add stock/Page_SwapMate/select_AvailableNot Available'  using regular expression

2022-05-20 22:05:38 - [MESSAGE][PASSED] - All options with value 'Available' are selected in object 'Object Repository/Add stock/Page_SwapMate/select_AvailableNot Available'  using regular expression

2022-05-20 22:05:38 - [TEST_STEP][PASSED] - selectOptionByValue(findTestObject("Object Repository/Add stock/Page_SwapMate/select_AvailableNot Available_1"), "Available", true): All options with value 'Available' are selected in object 'Object Repository/Add stock/Page_SwapMate/select_AvailableNot Available_1'  using regular expression

2022-05-20 22:05:39 - [MESSAGE][PASSED] - All options with value 'Available' are selected in object 'Object Repository/Add stock/Page_SwapMate/select_AvailableNot Available_1'  using regular expression

2022-05-20 22:05:39 - [TEST_STEP][PASSED] - selectOptionByValue(findTestObject("Object Repository/Add stock/Page_SwapMate/select_LuxuriousWell KnownModerateUnbranded"), "Well Known", true): All options with value 'Well Known' are selected in object 'Object Repository/Add stock/Page_SwapMate/select_LuxuriousWell KnownModerateUnbranded'  using regular expression

2022-05-20 22:05:40 - [MESSAGE][PASSED] - All options with value 'Well Known' are selected in object 'Object Repository/Add stock/Page_SwapMate/select_LuxuriousWell KnownModerateUnbranded'  using regular expression

2022-05-20 22:05:40 - [TEST_STEP][PASSED] - click(findTestObject("Object Repository/Add stock/Page_SwapMate/button_Add to Stock")): Object: 'Object Repository/Add stock/Page_SwapMate/button_Add to Stock' is clicked on

2022-05-20 22:05:41 - [MESSAGE][PASSED] - Object: 'Object Repository/Add stock/Page_SwapMate/button_Add to Stock' is clicked on

2022-05-20 22:05:41 - [TEST_STEP][PASSED] - verifyElementPresent(findTestObject("Object Repository/Add stock/Page_SwapMate/div_Close    Successfull Added to Stock"), 0): Object 'Object Repository/Add stock/Page_SwapMate/div_Close    Successfull Added to Stock' is present

2022-05-20 22:05:41 - [MESSAGE][WARNING] - Timeout '0' is invalid. Using default page load timeout: '30'

2022-05-20 22:05:41 - [MESSAGE][PASSED] - Object 'Object Repository/Add stock/Page_SwapMate/div_Close    Successfull Added to Stock' is present

2022-05-20 22:05:41 - [TEST_STEP][PASSED] - verifyElementPresent(findTestObject("Object Repository/Add stock/Page_SwapMate/h5_Customer Swap Information"), 0): Object 'Object Repository/Add stock/Page_SwapMate/h5_Customer Swap Information' is present

2022-05-20 22:05:41 - [MESSAGE][WARNING] - Timeout '0' is invalid. Using default page load timeout: '30'

2022-05-20 22:05:42 - [MESSAGE][PASSED] - Object 'Object Repository/Add stock/Page_SwapMate/h5_Customer Swap Information' is present

2022-05-20 22:05:42 - [TEST_STEP][PASSED] - click(findTestObject("Object Repository/Add stock/Page_SwapMate/td_540")): Object: 'Object Repository/Add stock/Page_SwapMate/td_540' is clicked on

2022-05-20 22:05:42 - [MESSAGE][PASSED] - Object: 'Object Repository/Add stock/Page_SwapMate/td_540' is clicked on

2022-05-20 22:05:42 - [TEST_STEP][PASSED] - click(findTestObject("Object Repository/Add stock/Page_SwapMate/p_Total Points  540")): Object: 'Object Repository/Add stock/Page_SwapMate/p_Total Points  540' is clicked on

2022-05-20 22:05:42 - [MESSAGE][PASSED] - Object: 'Object Repository/Add stock/Page_SwapMate/p_Total Points  540' is clicked on

2022-05-20 22:05:42 - [TEST_STEP][PASSED] - click(findTestObject("Object Repository/Add stock/Page_SwapMate/button_Reset")): Object: 'Object Repository/Add stock/Page_SwapMate/button_Reset' is clicked on

2022-05-20 22:05:42 - [MESSAGE][PASSED] - Object: 'Object Repository/Add stock/Page_SwapMate/button_Reset' is clicked on

2022-05-20 22:05:42 - [TEST_STEP][PASSED] - selectOptionByValue(findTestObject("Object Repository/Add stock/Page_SwapMate/select_Ladies WearMens WearKids WearGeneral"), "Mens' Wear", true): All options with value 'Mens' Wear' are selected in object 'Object Repository/Add stock/Page_SwapMate/select_Ladies WearMens WearKids WearGeneral'  using regular expression

2022-05-20 22:05:51 - [MESSAGE][PASSED] - All options with value 'Mens' Wear' are selected in object 'Object Repository/Add stock/Page_SwapMate/select_Ladies WearMens WearKids WearGeneral'  using regular expression

2022-05-20 22:05:51 - [TEST_STEP][PASSED] - selectOptionByValue(findTestObject("Object Repository/Add stock/Page_SwapMate/select_Please select Category firstGrooms W_2a996e"), "Mens' Denims", true): All options with value 'Mens' Denims' are selected in object 'Object Repository/Add stock/Page_SwapMate/select_Please select Category firstGrooms W_2a996e'  using regular expression

2022-05-20 22:05:52 - [MESSAGE][PASSED] - All options with value 'Mens' Denims' are selected in object 'Object Repository/Add stock/Page_SwapMate/select_Please select Category firstGrooms W_2a996e'  using regular expression

2022-05-20 22:05:52 - [TEST_STEP][PASSED] - selectOptionByValue(findTestObject("Object Repository/Add stock/Page_SwapMate/select_General3S2SXSSMLXL2XL3XL"), "3XL", true): All options with value '3XL' are selected in object 'Object Repository/Add stock/Page_SwapMate/select_General3S2SXSSMLXL2XL3XL'  using regular expression

2022-05-20 22:05:53 - [MESSAGE][PASSED] - All options with value '3XL' are selected in object 'Object Repository/Add stock/Page_SwapMate/select_General3S2SXSSMLXL2XL3XL'  using regular expression

2022-05-20 22:05:53 - [TEST_STEP][PASSED] - selectOptionByValue(findTestObject("Object Repository/Add stock/Page_SwapMate/select_UsedUsed in good conditionNot Used"), "Used in Good Condition", true): All options with value 'Used in Good Condition' are selected in object 'Object Repository/Add stock/Page_SwapMate/select_UsedUsed in good conditionNot Used'  using regular expression

2022-05-20 22:05:54 - [MESSAGE][PASSED] - All options with value 'Used in Good Condition' are selected in object 'Object Repository/Add stock/Page_SwapMate/select_UsedUsed in good conditionNot Used'  using regular expression

2022-05-20 22:05:54 - [TEST_STEP][PASSED] - selectOptionByValue(findTestObject("Object Repository/Add stock/Page_SwapMate/select_AvailableNot Available"), "Available", true): All options with value 'Available' are selected in object 'Object Repository/Add stock/Page_SwapMate/select_AvailableNot Available'  using regular expression

2022-05-20 22:05:55 - [MESSAGE][PASSED] - All options with value 'Available' are selected in object 'Object Repository/Add stock/Page_SwapMate/select_AvailableNot Available'  using regular expression

2022-05-20 22:05:55 - [TEST_STEP][PASSED] - selectOptionByValue(findTestObject("Object Repository/Add stock/Page_SwapMate/select_AvailableNot Available_1"), "Not Available", true): All options with value 'Not Available' are selected in object 'Object Repository/Add stock/Page_SwapMate/select_AvailableNot Available_1'  using regular expression

2022-05-20 22:05:56 - [MESSAGE][PASSED] - All options with value 'Not Available' are selected in object 'Object Repository/Add stock/Page_SwapMate/select_AvailableNot Available_1'  using regular expression

2022-05-20 22:05:56 - [TEST_STEP][PASSED] - selectOptionByValue(findTestObject("Object Repository/Add stock/Page_SwapMate/select_LuxuriousWell KnownModerateUnbranded"), "Moderate", true): All options with value 'Moderate' are selected in object 'Object Repository/Add stock/Page_SwapMate/select_LuxuriousWell KnownModerateUnbranded'  using regular expression

2022-05-20 22:05:57 - [MESSAGE][PASSED] - All options with value 'Moderate' are selected in object 'Object Repository/Add stock/Page_SwapMate/select_LuxuriousWell KnownModerateUnbranded'  using regular expression

2022-05-20 22:05:57 - [TEST_STEP][PASSED] - click(findTestObject("Object Repository/Add stock/Page_SwapMate/button_Add to Stock")): Object: 'Object Repository/Add stock/Page_SwapMate/button_Add to Stock' is clicked on

2022-05-20 22:05:57 - [MESSAGE][PASSED] - Object: 'Object Repository/Add stock/Page_SwapMate/button_Add to Stock' is clicked on

2022-05-20 22:05:57 - [TEST_STEP][PASSED] - click(findTestObject("Object Repository/Add stock/Page_SwapMate/button_Reset")): Object: 'Object Repository/Add stock/Page_SwapMate/button_Reset' is clicked on

2022-05-20 22:05:57 - [MESSAGE][PASSED] - Object: 'Object Repository/Add stock/Page_SwapMate/button_Reset' is clicked on

2022-05-20 22:05:57 - [TEST_STEP][PASSED] - selectOptionByValue(findTestObject("Object Repository/Add stock/Page_SwapMate/select_Ladies WearMens WearKids WearGeneral"), "Kids' Wear", true): All options with value 'Kids' Wear' are selected in object 'Object Repository/Add stock/Page_SwapMate/select_Ladies WearMens WearKids WearGeneral'  using regular expression

2022-05-20 22:05:59 - [MESSAGE][PASSED] - All options with value 'Kids' Wear' are selected in object 'Object Repository/Add stock/Page_SwapMate/select_Ladies WearMens WearKids WearGeneral'  using regular expression

2022-05-20 22:05:59 - [TEST_STEP][PASSED] - selectOptionByValue(findTestObject("Object Repository/Add stock/Page_SwapMate/select_Please select Category firstFrocksKi_76afd3"), "Frocks", true): All options with value 'Frocks' are selected in object 'Object Repository/Add stock/Page_SwapMate/select_Please select Category firstFrocksKi_76afd3'  using regular expression

2022-05-20 22:06:09 - [MESSAGE][PASSED] - All options with value 'Frocks' are selected in object 'Object Repository/Add stock/Page_SwapMate/select_Please select Category firstFrocksKi_76afd3'  using regular expression

2022-05-20 22:06:09 - [TEST_STEP][PASSED] - selectOptionByValue(findTestObject("Object Repository/Add stock/Page_SwapMate/select_General3S2SXSSMLXL2XL3XL"), "M", true): All options with value 'M' are selected in object 'Object Repository/Add stock/Page_SwapMate/select_General3S2SXSSMLXL2XL3XL'  using regular expression

2022-05-20 22:06:10 - [MESSAGE][PASSED] - All options with value 'M' are selected in object 'Object Repository/Add stock/Page_SwapMate/select_General3S2SXSSMLXL2XL3XL'  using regular expression

2022-05-20 22:06:10 - [TEST_STEP][PASSED] - selectOptionByValue(findTestObject("Object Repository/Add stock/Page_SwapMate/select_UsedUsed in good conditionNot Used"), "Not Used", true): All options with value 'Not Used' are selected in object 'Object Repository/Add stock/Page_SwapMate/select_UsedUsed in good conditionNot Used'  using regular expression

2022-05-20 22:06:10 - [MESSAGE][PASSED] - All options with value 'Not Used' are selected in object 'Object Repository/Add stock/Page_SwapMate/select_UsedUsed in good conditionNot Used'  using regular expression

2022-05-20 22:06:10 - [TEST_STEP][PASSED] - selectOptionByValue(findTestObject("Object Repository/Add stock/Page_SwapMate/select_AvailableNot Available"), "Available", true): All options with value 'Available' are selected in object 'Object Repository/Add stock/Page_SwapMate/select_AvailableNot Available'  using regular expression

2022-05-20 22:06:11 - [MESSAGE][PASSED] - All options with value 'Available' are selected in object 'Object Repository/Add stock/Page_SwapMate/select_AvailableNot Available'  using regular expression

2022-05-20 22:06:11 - [TEST_STEP][PASSED] - selectOptionByValue(findTestObject("Object Repository/Add stock/Page_SwapMate/select_AvailableNot Available_1"), "Available", true): All options with value 'Available' are selected in object 'Object Repository/Add stock/Page_SwapMate/select_AvailableNot Available_1'  using regular expression

2022-05-20 22:06:12 - [MESSAGE][PASSED] - All options with value 'Available' are selected in object 'Object Repository/Add stock/Page_SwapMate/select_AvailableNot Available_1'  using regular expression

2022-05-20 22:06:12 - [TEST_STEP][PASSED] - selectOptionByValue(findTestObject("Object Repository/Add stock/Page_SwapMate/select_LuxuriousWell KnownModerateUnbranded"), "Moderate", true): All options with value 'Moderate' are selected in object 'Object Repository/Add stock/Page_SwapMate/select_LuxuriousWell KnownModerateUnbranded'  using regular expression

2022-05-20 22:06:13 - [MESSAGE][PASSED] - All options with value 'Moderate' are selected in object 'Object Repository/Add stock/Page_SwapMate/select_LuxuriousWell KnownModerateUnbranded'  using regular expression

2022-05-20 22:06:13 - [TEST_STEP][PASSED] - click(findTestObject("Object Repository/Add stock/Page_SwapMate/button_Add to Stock")): Object: 'Object Repository/Add stock/Page_SwapMate/button_Add to Stock' is clicked on

2022-05-20 22:06:13 - [MESSAGE][PASSED] - Object: 'Object Repository/Add stock/Page_SwapMate/button_Add to Stock' is clicked on

2022-05-20 22:06:13 - [TEST_STEP][PASSED] - click(findTestObject("Object Repository/Add stock/Page_SwapMate/button_Reset")): Object: 'Object Repository/Add stock/Page_SwapMate/button_Reset' is clicked on

2022-05-20 22:06:14 - [MESSAGE][PASSED] - Object: 'Object Repository/Add stock/Page_SwapMate/button_Reset' is clicked on

2022-05-20 22:06:14 - [TEST_STEP][PASSED] - selectOptionByValue(findTestObject("Object Repository/Add stock/Page_SwapMate/select_Ladies WearMens WearKids WearGeneral"), "General", true): All options with value 'General' are selected in object 'Object Repository/Add stock/Page_SwapMate/select_Ladies WearMens WearKids WearGeneral'  using regular expression

2022-05-20 22:06:15 - [MESSAGE][PASSED] - All options with value 'General' are selected in object 'Object Repository/Add stock/Page_SwapMate/select_Ladies WearMens WearKids WearGeneral'  using regular expression

2022-05-20 22:06:15 - [TEST_STEP][PASSED] - selectOptionByValue(findTestObject("Object Repository/Add stock/Page_SwapMate/select_Please select Category firstTravelli_0767cc"), "Footware", true): All options with value 'Footware' are selected in object 'Object Repository/Add stock/Page_SwapMate/select_Please select Category firstTravelli_0767cc'  using regular expression

2022-05-20 22:06:26 - [MESSAGE][PASSED] - All options with value 'Footware' are selected in object 'Object Repository/Add stock/Page_SwapMate/select_Please select Category firstTravelli_0767cc'  using regular expression

2022-05-20 22:06:26 - [TEST_STEP][PASSED] - selectOptionByValue(findTestObject("Object Repository/Add stock/Page_SwapMate/select_General3S2SXSSMLXL2XL3XL"), "XL", true): All options with value 'XL' are selected in object 'Object Repository/Add stock/Page_SwapMate/select_General3S2SXSSMLXL2XL3XL'  using regular expression

2022-05-20 22:06:27 - [MESSAGE][PASSED] - All options with value 'XL' are selected in object 'Object Repository/Add stock/Page_SwapMate/select_General3S2SXSSMLXL2XL3XL'  using regular expression

2022-05-20 22:06:27 - [TEST_STEP][PASSED] - selectOptionByValue(findTestObject("Object Repository/Add stock/Page_SwapMate/select_UsedUsed in good conditionNot Used"), "Used in Good Condition", true): All options with value 'Used in Good Condition' are selected in object 'Object Repository/Add stock/Page_SwapMate/select_UsedUsed in good conditionNot Used'  using regular expression

2022-05-20 22:06:28 - [MESSAGE][PASSED] - All options with value 'Used in Good Condition' are selected in object 'Object Repository/Add stock/Page_SwapMate/select_UsedUsed in good conditionNot Used'  using regular expression

2022-05-20 22:06:28 - [TEST_STEP][PASSED] - selectOptionByValue(findTestObject("Object Repository/Add stock/Page_SwapMate/select_AvailableNot Available"), "Available", true): All options with value 'Available' are selected in object 'Object Repository/Add stock/Page_SwapMate/select_AvailableNot Available'  using regular expression

2022-05-20 22:06:28 - [MESSAGE][PASSED] - All options with value 'Available' are selected in object 'Object Repository/Add stock/Page_SwapMate/select_AvailableNot Available'  using regular expression

2022-05-20 22:06:28 - [TEST_STEP][PASSED] - selectOptionByValue(findTestObject("Object Repository/Add stock/Page_SwapMate/select_AvailableNot Available_1"), "Not Available", true): All options with value 'Not Available' are selected in object 'Object Repository/Add stock/Page_SwapMate/select_AvailableNot Available_1'  using regular expression

2022-05-20 22:06:29 - [MESSAGE][PASSED] - All options with value 'Not Available' are selected in object 'Object Repository/Add stock/Page_SwapMate/select_AvailableNot Available_1'  using regular expression

2022-05-20 22:06:29 - [TEST_STEP][PASSED] - selectOptionByValue(findTestObject("Object Repository/Add stock/Page_SwapMate/select_LuxuriousWell KnownModerateUnbranded"), "Unbranded", true): All options with value 'Unbranded' are selected in object 'Object Repository/Add stock/Page_SwapMate/select_LuxuriousWell KnownModerateUnbranded'  using regular expression

2022-05-20 22:06:30 - [MESSAGE][PASSED] - All options with value 'Unbranded' are selected in object 'Object Repository/Add stock/Page_SwapMate/select_LuxuriousWell KnownModerateUnbranded'  using regular expression

2022-05-20 22:06:30 - [TEST_STEP][PASSED] - click(findTestObject("Object Repository/Add stock/Page_SwapMate/button_Add to Stock")): Object: 'Object Repository/Add stock/Page_SwapMate/button_Add to Stock' is clicked on

2022-05-20 22:06:30 - [MESSAGE][PASSED] - Object: 'Object Repository/Add stock/Page_SwapMate/button_Add to Stock' is clicked on

2022-05-20 22:06:30 - [TEST_STEP][PASSED] - click(findTestObject("Object Repository/Add stock/Page_SwapMate/p_Total Points  1392")): Object: 'Object Repository/Add stock/Page_SwapMate/p_Total Points  1392' is clicked on

2022-05-20 22:06:31 - [MESSAGE][PASSED] - Object: 'Object Repository/Add stock/Page_SwapMate/p_Total Points  1392' is clicked on

2022-05-20 22:06:31 - [TEST_STEP][PASSED] - click(findTestObject("Object Repository/Add stock/Page_SwapMate/span_")): Object: 'Object Repository/Add stock/Page_SwapMate/span_' is clicked on

2022-05-20 22:06:31 - [MESSAGE][PASSED] - Object: 'Object Repository/Add stock/Page_SwapMate/span_' is clicked on

2022-05-20 22:06:31 - [TEST_STEP][PASSED] - click(findTestObject("Object Repository/Add stock/Page_SwapMate/td_Ladies Skirts")): Object: 'Object Repository/Add stock/Page_SwapMate/td_Ladies Skirts' is clicked on

2022-05-20 22:06:32 - [MESSAGE][PASSED] - Object: 'Object Repository/Add stock/Page_SwapMate/td_Ladies Skirts' is clicked on

2022-05-20 22:06:32 - [TEST_STEP][PASSED] - click(findTestObject("Object Repository/Add stock/Page_SwapMate/td_540")): Object: 'Object Repository/Add stock/Page_SwapMate/td_540' is clicked on

2022-05-20 22:06:32 - [MESSAGE][PASSED] - Object: 'Object Repository/Add stock/Page_SwapMate/td_540' is clicked on

2022-05-20 22:06:32 - [TEST_STEP][PASSED] - click(findTestObject("Object Repository/Add stock/Page_SwapMate/td_Mens Denims")): Object: 'Object Repository/Add stock/Page_SwapMate/td_Mens Denims' is clicked on

2022-05-20 22:06:37 - [MESSAGE][PASSED] - Object: 'Object Repository/Add stock/Page_SwapMate/td_Mens Denims' is clicked on

2022-05-20 22:06:37 - [TEST_STEP][PASSED] - click(findTestObject("Object Repository/Add stock/Page_SwapMate/td_288")): Object: 'Object Repository/Add stock/Page_SwapMate/td_288' is clicked on

2022-05-20 22:06:38 - [MESSAGE][PASSED] - Object: 'Object Repository/Add stock/Page_SwapMate/td_288' is clicked on

2022-05-20 22:06:38 - [TEST_STEP][PASSED] - click(findTestObject("Object Repository/Add stock/Page_SwapMate/td_Frocks")): Object: 'Object Repository/Add stock/Page_SwapMate/td_Frocks' is clicked on

2022-05-20 22:06:38 - [MESSAGE][PASSED] - Object: 'Object Repository/Add stock/Page_SwapMate/td_Frocks' is clicked on

2022-05-20 22:06:38 - [TEST_STEP][PASSED] - click(findTestObject("Object Repository/Add stock/Page_SwapMate/td_432")): Object: 'Object Repository/Add stock/Page_SwapMate/td_432' is clicked on

2022-05-20 22:06:38 - [MESSAGE][PASSED] - Object: 'Object Repository/Add stock/Page_SwapMate/td_432' is clicked on

2022-05-20 22:06:38 - [TEST_STEP][PASSED] - click(findTestObject("Object Repository/Add stock/Page_SwapMate/td_Footware")): Object: 'Object Repository/Add stock/Page_SwapMate/td_Footware' is clicked on

2022-05-20 22:06:38 - [MESSAGE][PASSED] - Object: 'Object Repository/Add stock/Page_SwapMate/td_Footware' is clicked on

2022-05-20 22:06:38 - [TEST_STEP][PASSED] - click(findTestObject("Object Repository/Add stock/Page_SwapMate/td_132")): Object: 'Object Repository/Add stock/Page_SwapMate/td_132' is clicked on

2022-05-20 22:06:39 - [MESSAGE][PASSED] - Object: 'Object Repository/Add stock/Page_SwapMate/td_132' is clicked on]]></system-out>
         <system-err><![CDATA[]]></system-err>
      </testcase>
      <testcase name="Test Cases/Search stock items" time="9.068" classname="Test Cases/Search stock items" status="PASSED">
         <system-out><![CDATA[2022-05-20 22:06:39 - [TEST_CASE][PASSED] - Test Cases/Search stock items: Test Cases/Search stock items

2022-05-20 22:06:39 - [TEST_STEP][PASSED] - click(findTestObject("Object Repository/Stock_Search/Page_SwapMate/i_New_right fas fa-angle-left")): Object: 'Object Repository/Stock_Search/Page_SwapMate/i_New_right fas fa-angle-left' is clicked on

2022-05-20 22:06:39 - [MESSAGE][PASSED] - Object: 'Object Repository/Stock_Search/Page_SwapMate/i_New_right fas fa-angle-left' is clicked on

2022-05-20 22:06:39 - [TEST_STEP][PASSED] - click(findTestObject("Object Repository/Stock_Search/Page_SwapMate/i_New_right fas fa-angle-left_1")): Object: 'Object Repository/Stock_Search/Page_SwapMate/i_New_right fas fa-angle-left_1' is clicked on

2022-05-20 22:06:40 - [MESSAGE][PASSED] - Object: 'Object Repository/Stock_Search/Page_SwapMate/i_New_right fas fa-angle-left_1' is clicked on

2022-05-20 22:06:40 - [TEST_STEP][PASSED] - click(findTestObject("Object Repository/Stock_Search/Page_SwapMate/a_Manage Stock")): Object: 'Object Repository/Stock_Search/Page_SwapMate/a_Manage Stock' is clicked on

2022-05-20 22:06:41 - [MESSAGE][PASSED] - Object: 'Object Repository/Stock_Search/Page_SwapMate/a_Manage Stock' is clicked on

2022-05-20 22:06:41 - [TEST_STEP][PASSED] - verifyElementPresent(findTestObject("Object Repository/Stock_Search/Page_SwapMate/label_Search"), 0): Object 'Object Repository/Stock_Search/Page_SwapMate/label_Search' is present

2022-05-20 22:06:41 - [MESSAGE][WARNING] - Timeout '0' is invalid. Using default page load timeout: '30'

2022-05-20 22:06:46 - [MESSAGE][PASSED] - Object 'Object Repository/Stock_Search/Page_SwapMate/label_Search' is present

2022-05-20 22:06:46 - [TEST_STEP][PASSED] - setText(findTestObject("Object Repository/Stock_Search/Page_SwapMate/input_Search_form-control form-control-sm"), "XL"): Text 'XL' is set on object 'Object Repository/Stock_Search/Page_SwapMate/input_Search_form-control form-control-sm'

2022-05-20 22:06:47 - [MESSAGE][PASSED] - Text 'XL' is set on object 'Object Repository/Stock_Search/Page_SwapMate/input_Search_form-control form-control-sm'

2022-05-20 22:06:47 - [TEST_STEP][PASSED] - verifyElementPresent(findTestObject("Object Repository/Stock_Search/Page_SwapMate/div_Showing 1 to 5 of 5 entries (filtered f_9f68b9_1"), 0): Object 'Object Repository/Stock_Search/Page_SwapMate/div_Showing 1 to 5 of 5 entries (filtered f_9f68b9_1' is present

2022-05-20 22:06:47 - [MESSAGE][WARNING] - Timeout '0' is invalid. Using default page load timeout: '30'

2022-05-20 22:06:47 - [MESSAGE][PASSED] - Object 'Object Repository/Stock_Search/Page_SwapMate/div_Showing 1 to 5 of 5 entries (filtered f_9f68b9_1' is present

2022-05-20 22:06:47 - [TEST_STEP][PASSED] - setText(findTestObject("Object Repository/Stock_Search/Page_SwapMate/input_Search_form-control form-control-sm"), ""): Text '' is set on object 'Object Repository/Stock_Search/Page_SwapMate/input_Search_form-control form-control-sm'

2022-05-20 22:06:48 - [MESSAGE][PASSED] - Text '' is set on object 'Object Repository/Stock_Search/Page_SwapMate/input_Search_form-control form-control-sm'

2022-05-20 22:06:48 - [TEST_STEP][PASSED] - verifyElementPresent(findTestObject("Object Repository/Stock_Search/Page_SwapMate/div_Showing 1 to 11 of 11 entries"), 0): Object 'Object Repository/Stock_Search/Page_SwapMate/div_Showing 1 to 11 of 11 entries' is present

2022-05-20 22:06:48 - [MESSAGE][WARNING] - Timeout '0' is invalid. Using default page load timeout: '30'

2022-05-20 22:06:48 - [MESSAGE][PASSED] - Object 'Object Repository/Stock_Search/Page_SwapMate/div_Showing 1 to 11 of 11 entries' is present]]></system-out>
         <system-err><![CDATA[]]></system-err>
      </testcase>
      <system-out><![CDATA[2022-05-20 22:04:38 - [TEST_SUITE][PASSED] - SwapMate_TestSuite: Test Cases/Search stock items]]></system-out>
      <system-err><![CDATA[]]></system-err>
   </testsuite>
</testsuites>
