<?xml version="1.0" encoding="UTF-8"?>
<testsuites name="SwapMate_Mobile_TestSuite" time="95.514" tests="5" failures="0" errors="0">
   <testsuite name="SwapMate_Mobile_TestSuite" tests="5" failures="0" errors="0" time="95.514" skipped="0" timestamp="2022-05-24 19:33:04" hostname="prabh - DESKTOP-DI7ILBH" id="Test Suites/SwapMate_Mobile_TestSuite">
      <properties>
         <property name="deviceName" value="emulator-5554 (Android SDK built for x86 - Android 10)"/>
         <property name="devicePlatform" value=""/>
         <property name="logFolder" value="C:\\Users\\prabh\\Documents\\GitHub\\SwapMateAutomation\\Reports\\20220524_193302\\SwapMate_Mobile_TestSuite\\20220524_193302"/>
         <property name="logFiles" value="C:\\Users\\prabh\\Documents\\GitHub\\SwapMateAutomation\\Reports\\20220524_193302\\SwapMate_Mobile_TestSuite\\20220524_193302\\appium.log, C:\\Users\\prabh\\Documents\\GitHub\\SwapMateAutomation\\Reports\\20220524_193302\\SwapMate_Mobile_TestSuite\\20220524_193302\\execution0.log"/>
         <property name="attachments" value=""/>
         <property name="hostName" value="prabh - DESKTOP-DI7ILBH"/>
         <property name="os" value="Windows 10 64bit"/>
         <property name="appiumServerStatus" value="{&quot;value&quot;:{&quot;build&quot;:{&quot;version&quot;:&quot;1.22.3&quot;}},&quot;sessionId&quot;:null,&quot;status&quot;:0}"/>
         <property name="katalonVersion" value="8.2.5.208"/>
         <property name="deviceOS" value="Android"/>
         <property name="appiumVersion" value="1.22.3"/>
         <property name="deviceModel" value="Android SDK built for x86"/>
         <property name="hostAddress" value="192.168.1.6"/>
         <property name="deviceManufacturer" value="Google"/>
         <property name="deviceId" value="emulator-5554"/>
         <property name="deviceName" value="emulator-5554 (Android SDK built for x86 - Android 10)"/>
         <property name="deviceOSVersion" value="10"/>
      </properties>
      <testcase name="Test Cases/Customer/Registration" time="29.927" classname="Test Cases/Customer/Registration" status="PASSED">
         <system-out><![CDATA[2022-05-24 19:33:04 - [TEST_CASE][PASSED] - Test Cases/Customer/Registration: Test Cases/Customer/Registration

2022-05-24 19:33:04 - [TEST_STEP][PASSED] - startApplication("C:\Users\prabh\Documents\GitHub\SwapMateClientMobileApplication\build\app\outputs\flutter-apk\app.apk", true): Started app at: 'C:\Users\prabh\Documents\GitHub\SwapMateClientMobileApplication\build\app\outputs\flutter-apk\app.apk'

2022-05-24 19:33:06 - [MESSAGE][INFO] - Appium server started on port 60,117

2022-05-24 19:33:21 - [MESSAGE][PASSED] - Started app at: 'C:\Users\prabh\Documents\GitHub\SwapMateClientMobileApplication\build\app\outputs\flutter-apk\app.apk'

2022-05-24 19:33:21 - [TEST_STEP][PASSED] - tapAndHold(findTestObject("Register/android.widget.Button"), 0, 0): Tapped and held on element 'Object Repository/Register/android.widget.Button' with duration (default)

2022-05-24 19:33:21 - [MESSAGE][WARNING] - Duration '0' is invalid. Using default duration.

2022-05-24 19:33:21 - [MESSAGE][WARNING] - Timeout '0' is invalid. Using default page load timeout: '30'

2022-05-24 19:33:24 - [MESSAGE][PASSED] - Tapped and held on element 'Object Repository/Register/android.widget.Button' with duration (default)

2022-05-24 19:33:24 - [TEST_STEP][PASSED] - tap(findTestObject("Object Repository/Register/android.widget.EditText - E-mail Address (1)"), 0): Tapped on element 'Object Repository/Register/android.widget.EditText - E-mail Address (1)'

2022-05-24 19:33:24 - [MESSAGE][WARNING] - Timeout '0' is invalid. Using default page load timeout: '30'

2022-05-24 19:33:24 - [MESSAGE][PASSED] - Tapped on element 'Object Repository/Register/android.widget.EditText - E-mail Address (1)'

2022-05-24 19:33:24 - [TEST_STEP][PASSED] - setText(findTestObject("Object Repository/Register/android.widget.EditText - E-mail Address"), "testing@gmail.com", 0): Text 'testing@gmail.com' has been set to element 'Object Repository/Register/android.widget.EditText - E-mail Address'

2022-05-24 19:33:24 - [MESSAGE][WARNING] - Timeout '0' is invalid. Using default page load timeout: '30'

2022-05-24 19:33:25 - [MESSAGE][PASSED] - Text 'testing@gmail.com' has been set to element 'Object Repository/Register/android.widget.EditText - E-mail Address'

2022-05-24 19:33:25 - [TEST_STEP][PASSED] - tap(findTestObject("Object Repository/Register/android.widget.EditText - Password (1)"), 0): Tapped on element 'Object Repository/Register/android.widget.EditText - Password (1)'

2022-05-24 19:33:25 - [MESSAGE][WARNING] - Timeout '0' is invalid. Using default page load timeout: '30'

2022-05-24 19:33:27 - [MESSAGE][PASSED] - Tapped on element 'Object Repository/Register/android.widget.EditText - Password (1)'

2022-05-24 19:33:27 - [TEST_STEP][PASSED] - setText(findTestObject("Object Repository/Register/android.widget.EditText - Password"), "123456", 0): Text '123456' has been set to element 'Object Repository/Register/android.widget.EditText - Password'

2022-05-24 19:33:27 - [MESSAGE][WARNING] - Timeout '0' is invalid. Using default page load timeout: '30'

2022-05-24 19:33:27 - [MESSAGE][PASSED] - Text '123456' has been set to element 'Object Repository/Register/android.widget.EditText - Password'

2022-05-24 19:33:27 - [TEST_STEP][PASSED] - tap(findTestObject("Object Repository/Register/android.widget.EditText - Re-enter Password (1)"), 0): Tapped on element 'Object Repository/Register/android.widget.EditText - Re-enter Password (1)'

2022-05-24 19:33:27 - [MESSAGE][WARNING] - Timeout '0' is invalid. Using default page load timeout: '30'

2022-05-24 19:33:27 - [MESSAGE][PASSED] - Tapped on element 'Object Repository/Register/android.widget.EditText - Re-enter Password (1)'

2022-05-24 19:33:27 - [TEST_STEP][PASSED] - setText(findTestObject("Object Repository/Register/android.widget.EditText - Re-enter Password"), "123456", 0): Text '123456' has been set to element 'Object Repository/Register/android.widget.EditText - Re-enter Password'

2022-05-24 19:33:28 - [MESSAGE][WARNING] - Timeout '0' is invalid. Using default page load timeout: '30'

2022-05-24 19:33:28 - [MESSAGE][PASSED] - Text '123456' has been set to element 'Object Repository/Register/android.widget.EditText - Re-enter Password'

2022-05-24 19:33:28 - [TEST_STEP][PASSED] - hideKeyboard(): Keyboard is hidden

2022-05-24 19:33:30 - [MESSAGE][PASSED] - Keyboard is hidden

2022-05-24 19:33:30 - [TEST_STEP][PASSED] - tapAndHold(findTestObject("Customer/Register/android.widget.Button (1)"), 0, 0): Tapped and held on element 'Object Repository/Customer/Register/android.widget.Button (1)' with duration (default)

2022-05-24 19:33:30 - [MESSAGE][WARNING] - Duration '0' is invalid. Using default duration.

2022-05-24 19:33:30 - [MESSAGE][WARNING] - Timeout '0' is invalid. Using default page load timeout: '30'

2022-05-24 19:33:34 - [MESSAGE][PASSED] - Tapped and held on element 'Object Repository/Customer/Register/android.widget.Button (1)' with duration (default)]]></system-out>
         <system-err><![CDATA[]]></system-err>
      </testcase>
      <testcase name="Test Cases/Customer/Update Profile Details" time="22.596" classname="Test Cases/Customer/Update Profile Details" status="PASSED">
         <system-out><![CDATA[2022-05-24 19:33:34 - [TEST_CASE][PASSED] - Test Cases/Customer/Update Profile Details: Test Cases/Customer/Update Profile Details

2022-05-24 19:33:34 - [TEST_STEP][PASSED] - tap(findTestObject("Object Repository/Customer/Update Profile/android.widget.EditText - First Name"), 0, STOP_ON_FAILURE): Tapped on element 'Object Repository/Customer/Update Profile/android.widget.EditText - First Name'

2022-05-24 19:33:34 - [MESSAGE][WARNING] - Timeout '0' is invalid. Using default page load timeout: '30'

2022-05-24 19:33:37 - [MESSAGE][PASSED] - Tapped on element 'Object Repository/Customer/Update Profile/android.widget.EditText - First Name'

2022-05-24 19:33:37 - [TEST_STEP][PASSED] - setText(findTestObject("Customer/Update Profile/android.widget.EditText - First Name"), "TestingFirstname", 0): Text 'TestingFirstname' has been set to element 'Object Repository/Customer/Update Profile/android.widget.EditText - First Name'

2022-05-24 19:33:37 - [MESSAGE][WARNING] - Timeout '0' is invalid. Using default page load timeout: '30'

2022-05-24 19:33:38 - [MESSAGE][PASSED] - Text 'TestingFirstname' has been set to element 'Object Repository/Customer/Update Profile/android.widget.EditText - First Name'

2022-05-24 19:33:38 - [TEST_STEP][PASSED] - tap(findTestObject("Object Repository/Customer/Update Profile/android.widget.EditText - Last Name"), 0): Tapped on element 'Object Repository/Customer/Update Profile/android.widget.EditText - Last Name'

2022-05-24 19:33:38 - [MESSAGE][WARNING] - Timeout '0' is invalid. Using default page load timeout: '30'

2022-05-24 19:33:39 - [MESSAGE][PASSED] - Tapped on element 'Object Repository/Customer/Update Profile/android.widget.EditText - Last Name'

2022-05-24 19:33:39 - [TEST_STEP][PASSED] - setText(findTestObject("Customer/Update Profile/android.widget.EditText - Last Name"), "TestingLastname", 0): Text 'TestingLastname' has been set to element 'Object Repository/Customer/Update Profile/android.widget.EditText - Last Name'

2022-05-24 19:33:39 - [MESSAGE][WARNING] - Timeout '0' is invalid. Using default page load timeout: '30'

2022-05-24 19:33:40 - [MESSAGE][PASSED] - Text 'TestingLastname' has been set to element 'Object Repository/Customer/Update Profile/android.widget.EditText - Last Name'

2022-05-24 19:33:40 - [TEST_STEP][PASSED] - tap(findTestObject("Object Repository/Customer/Update Profile/android.widget.EditText - Address"), 0): Tapped on element 'Object Repository/Customer/Update Profile/android.widget.EditText - Address'

2022-05-24 19:33:40 - [MESSAGE][WARNING] - Timeout '0' is invalid. Using default page load timeout: '30'

2022-05-24 19:33:41 - [MESSAGE][PASSED] - Tapped on element 'Object Repository/Customer/Update Profile/android.widget.EditText - Address'

2022-05-24 19:33:41 - [TEST_STEP][PASSED] - setText(findTestObject("Customer/Update Profile/android.widget.EditText - Address"), "18/7, Testing Street, QA", 0): Text '18/7, Testing Street, QA' has been set to element 'Object Repository/Customer/Update Profile/android.widget.EditText - Address'

2022-05-24 19:33:41 - [MESSAGE][WARNING] - Timeout '0' is invalid. Using default page load timeout: '30'

2022-05-24 19:33:41 - [MESSAGE][PASSED] - Text '18/7, Testing Street, QA' has been set to element 'Object Repository/Customer/Update Profile/android.widget.EditText - Address'

2022-05-24 19:33:41 - [TEST_STEP][PASSED] - tap(findTestObject("Object Repository/Customer/Update Profile/android.widget.EditText - Contact Number"), 0): Tapped on element 'Object Repository/Customer/Update Profile/android.widget.EditText - Contact Number'

2022-05-24 19:33:41 - [MESSAGE][WARNING] - Timeout '0' is invalid. Using default page load timeout: '30'

2022-05-24 19:33:42 - [MESSAGE][PASSED] - Tapped on element 'Object Repository/Customer/Update Profile/android.widget.EditText - Contact Number'

2022-05-24 19:33:42 - [TEST_STEP][PASSED] - setText(findTestObject("Customer/Update Profile/android.widget.EditText - Contact Number"), "0745678932", 0): Text '0745678932' has been set to element 'Object Repository/Customer/Update Profile/android.widget.EditText - Contact Number'

2022-05-24 19:33:42 - [MESSAGE][WARNING] - Timeout '0' is invalid. Using default page load timeout: '30'

2022-05-24 19:33:43 - [MESSAGE][PASSED] - Text '0745678932' has been set to element 'Object Repository/Customer/Update Profile/android.widget.EditText - Contact Number'

2022-05-24 19:33:43 - [TEST_STEP][PASSED] - tap(findTestObject("Object Repository/Customer/Update Profile/android.widget.EditText - Nic"), 0): Tapped on element 'Object Repository/Customer/Update Profile/android.widget.EditText - Nic'

2022-05-24 19:33:43 - [MESSAGE][WARNING] - Timeout '0' is invalid. Using default page load timeout: '30'

2022-05-24 19:33:44 - [MESSAGE][PASSED] - Tapped on element 'Object Repository/Customer/Update Profile/android.widget.EditText - Nic'

2022-05-24 19:33:44 - [TEST_STEP][PASSED] - setText(findTestObject("Customer/Update Profile/android.widget.EditText - Nic"), "200286798484", 0): Text '200286798484' has been set to element 'Object Repository/Customer/Update Profile/android.widget.EditText - Nic'

2022-05-24 19:33:44 - [MESSAGE][WARNING] - Timeout '0' is invalid. Using default page load timeout: '30'

2022-05-24 19:33:45 - [MESSAGE][PASSED] - Text '200286798484' has been set to element 'Object Repository/Customer/Update Profile/android.widget.EditText - Nic'

2022-05-24 19:33:45 - [TEST_STEP][PASSED] - tap(findTestObject("Object Repository/Customer/Update Profile/android.widget.EditText - Age"), 0): Tapped on element 'Object Repository/Customer/Update Profile/android.widget.EditText - Age'

2022-05-24 19:33:45 - [MESSAGE][WARNING] - Timeout '0' is invalid. Using default page load timeout: '30'

2022-05-24 19:33:45 - [MESSAGE][PASSED] - Tapped on element 'Object Repository/Customer/Update Profile/android.widget.EditText - Age'

2022-05-24 19:33:45 - [TEST_STEP][PASSED] - setText(findTestObject("Customer/Update Profile/android.widget.EditText - Age"), "26", 0): Text '26' has been set to element 'Object Repository/Customer/Update Profile/android.widget.EditText - Age'

2022-05-24 19:33:45 - [MESSAGE][WARNING] - Timeout '0' is invalid. Using default page load timeout: '30'

2022-05-24 19:33:46 - [MESSAGE][PASSED] - Text '26' has been set to element 'Object Repository/Customer/Update Profile/android.widget.EditText - Age'

2022-05-24 19:33:46 - [TEST_STEP][PASSED] - tap(findTestObject("Customer/Update Profile/android.view.View (2)"), 0): Tapped on element 'Object Repository/Customer/Update Profile/android.view.View (2)'

2022-05-24 19:33:46 - [MESSAGE][WARNING] - Timeout '0' is invalid. Using default page load timeout: '30'

2022-05-24 19:33:47 - [MESSAGE][PASSED] - Tapped on element 'Object Repository/Customer/Update Profile/android.view.View (2)'

2022-05-24 19:33:47 - [TEST_STEP][PASSED] - tapAndHold(findTestObject("Customer/Update Profile/android.view.View (2)"), 0, 0): Tapped and held on element 'Object Repository/Customer/Update Profile/android.view.View (2)' with duration (default)

2022-05-24 19:33:47 - [MESSAGE][WARNING] - Duration '0' is invalid. Using default duration.

2022-05-24 19:33:47 - [MESSAGE][WARNING] - Timeout '0' is invalid. Using default page load timeout: '30'

2022-05-24 19:33:50 - [MESSAGE][PASSED] - Tapped and held on element 'Object Repository/Customer/Update Profile/android.view.View (2)' with duration (default)

2022-05-24 19:33:50 - [TEST_STEP][PASSED] - tap(findTestObject("Object Repository/Customer/Update Profile/android.widget.Button (1)"), 0): Tapped on element 'Object Repository/Customer/Update Profile/android.widget.Button (1)'

2022-05-24 19:33:50 - [MESSAGE][WARNING] - Timeout '0' is invalid. Using default page load timeout: '30'

2022-05-24 19:33:50 - [MESSAGE][PASSED] - Tapped on element 'Object Repository/Customer/Update Profile/android.widget.Button (1)'

2022-05-24 19:33:50 - [TEST_STEP][PASSED] - tapAndHold(findTestObject("Object Repository/Customer/Update Profile/android.view.View (3)"), 0, 0): Tapped and held on element 'Object Repository/Customer/Update Profile/android.view.View (3)' with duration (default)

2022-05-24 19:33:50 - [MESSAGE][WARNING] - Duration '0' is invalid. Using default duration.

2022-05-24 19:33:50 - [MESSAGE][WARNING] - Timeout '0' is invalid. Using default page load timeout: '30'

2022-05-24 19:33:54 - [MESSAGE][PASSED] - Tapped and held on element 'Object Repository/Customer/Update Profile/android.view.View (3)' with duration (default)

2022-05-24 19:33:54 - [TEST_STEP][PASSED] - tapAndHold(findTestObject("Object Repository/Customer/Update Profile/android.widget.Button (2)"), 0, 0): Tapped and held on element 'Object Repository/Customer/Update Profile/android.widget.Button (2)' with duration (default)

2022-05-24 19:33:54 - [MESSAGE][WARNING] - Duration '0' is invalid. Using default duration.

2022-05-24 19:33:54 - [MESSAGE][WARNING] - Timeout '0' is invalid. Using default page load timeout: '30'

2022-05-24 19:33:56 - [MESSAGE][PASSED] - Tapped and held on element 'Object Repository/Customer/Update Profile/android.widget.Button (2)' with duration (default)]]></system-out>
         <system-err><![CDATA[]]></system-err>
      </testcase>
      <testcase name="Test Cases/Customer/Logout" time="5.098" classname="Test Cases/Customer/Logout" status="PASSED">
         <system-out><![CDATA[2022-05-24 19:33:56 - [TEST_CASE][PASSED] - Test Cases/Customer/Logout: Test Cases/Customer/Logout

2022-05-24 19:33:57 - [TEST_STEP][PASSED] - tap(findTestObject("Object Repository/Customer/Logout/android.widget.Button"), 0): Tapped on element 'Object Repository/Customer/Logout/android.widget.Button'

2022-05-24 19:33:57 - [MESSAGE][WARNING] - Timeout '0' is invalid. Using default page load timeout: '30'

2022-05-24 19:33:58 - [MESSAGE][PASSED] - Tapped on element 'Object Repository/Customer/Logout/android.widget.Button'

2022-05-24 19:33:58 - [TEST_STEP][PASSED] - tapAndHold(findTestObject("Object Repository/Customer/Logout/android.view.View"), 0, 0): Tapped and held on element 'Object Repository/Customer/Logout/android.view.View' with duration (default)

2022-05-24 19:33:58 - [MESSAGE][WARNING] - Duration '0' is invalid. Using default duration.

2022-05-24 19:33:58 - [MESSAGE][WARNING] - Timeout '0' is invalid. Using default page load timeout: '30'

2022-05-24 19:34:00 - [MESSAGE][PASSED] - Tapped and held on element 'Object Repository/Customer/Logout/android.view.View' with duration (default)

2022-05-24 19:34:00 - [TEST_STEP][PASSED] - closeApplication(): Close app successfully

2022-05-24 19:34:01 - [MESSAGE][PASSED] - Close app successfully]]></system-out>
         <system-err><![CDATA[]]></system-err>
      </testcase>
      <testcase name="Test Cases/Customer/Login" time="33.081" classname="Test Cases/Customer/Login" status="PASSED">
         <system-out><![CDATA[2022-05-24 19:34:01 - [TEST_CASE][PASSED] - Test Cases/Customer/Login: Test Cases/Customer/Login

2022-05-24 19:34:02 - [TEST_STEP][PASSED] - startApplication("C:\Users\prabh\Documents\GitHub\SwapMateClientMobileApplication\build\app\outputs\flutter-apk\app.apk", true): Started app at: 'C:\Users\prabh\Documents\GitHub\SwapMateClientMobileApplication\build\app\outputs\flutter-apk\app.apk'

2022-05-24 19:34:03 - [MESSAGE][INFO] - Appium server started on port 60,308

2022-05-24 19:34:15 - [MESSAGE][PASSED] - Started app at: 'C:\Users\prabh\Documents\GitHub\SwapMateClientMobileApplication\build\app\outputs\flutter-apk\app.apk'

2022-05-24 19:34:15 - [TEST_STEP][PASSED] - tapAndHold(findTestObject("Object Repository/Customer/Login/android.widget.Button (1)"), 0, 0): Tapped and held on element 'Object Repository/Customer/Login/android.widget.Button (1)' with duration (default)

2022-05-24 19:34:15 - [MESSAGE][WARNING] - Duration '0' is invalid. Using default duration.

2022-05-24 19:34:15 - [MESSAGE][WARNING] - Timeout '0' is invalid. Using default page load timeout: '30'

2022-05-24 19:34:18 - [MESSAGE][PASSED] - Tapped and held on element 'Object Repository/Customer/Login/android.widget.Button (1)' with duration (default)

2022-05-24 19:34:18 - [TEST_STEP][PASSED] - tap(findTestObject("Object Repository/Customer/Login/android.widget.EditText - Username"), 0): Tapped on element 'Object Repository/Customer/Login/android.widget.EditText - Username'

2022-05-24 19:34:18 - [MESSAGE][WARNING] - Timeout '0' is invalid. Using default page load timeout: '30'

2022-05-24 19:34:19 - [MESSAGE][PASSED] - Tapped on element 'Object Repository/Customer/Login/android.widget.EditText - Username'

2022-05-24 19:34:19 - [TEST_STEP][PASSED] - setText(findTestObject("Customer/Login/android.widget.EditText - Username"), "pubzzz2002@gmail.com", 0): Text 'pubzzz2002@gmail.com' has been set to element 'Object Repository/Customer/Login/android.widget.EditText - Username'

2022-05-24 19:34:19 - [MESSAGE][WARNING] - Timeout '0' is invalid. Using default page load timeout: '30'

2022-05-24 19:34:20 - [MESSAGE][PASSED] - Text 'pubzzz2002@gmail.com' has been set to element 'Object Repository/Customer/Login/android.widget.EditText - Username'

2022-05-24 19:34:20 - [TEST_STEP][PASSED] - tap(findTestObject("Object Repository/Customer/Login/android.widget.EditText - Password"), 0): Tapped on element 'Object Repository/Customer/Login/android.widget.EditText - Password'

2022-05-24 19:34:20 - [MESSAGE][WARNING] - Timeout '0' is invalid. Using default page load timeout: '30'

2022-05-24 19:34:21 - [MESSAGE][PASSED] - Tapped on element 'Object Repository/Customer/Login/android.widget.EditText - Password'

2022-05-24 19:34:21 - [TEST_STEP][PASSED] - setText(findTestObject("Customer/Login/android.widget.EditText - Password"), "123456", 0): Text '123456' has been set to element 'Object Repository/Customer/Login/android.widget.EditText - Password'

2022-05-24 19:34:21 - [MESSAGE][WARNING] - Timeout '0' is invalid. Using default page load timeout: '30'

2022-05-24 19:34:21 - [MESSAGE][PASSED] - Text '123456' has been set to element 'Object Repository/Customer/Login/android.widget.EditText - Password'

2022-05-24 19:34:21 - [TEST_STEP][PASSED] - hideKeyboard(): Keyboard is hidden

2022-05-24 19:34:23 - [MESSAGE][PASSED] - Keyboard is hidden

2022-05-24 19:34:23 - [TEST_STEP][PASSED] - tap(findTestObject("Object Repository/Customer/Login/android.widget.Button (2)"), 0, STOP_ON_FAILURE): Tapped on element 'Object Repository/Customer/Login/android.widget.Button (2)'

2022-05-24 19:34:23 - [MESSAGE][WARNING] - Timeout '0' is invalid. Using default page load timeout: '30'

2022-05-24 19:34:25 - [MESSAGE][PASSED] - Tapped on element 'Object Repository/Customer/Login/android.widget.Button (2)'

2022-05-24 19:34:25 - [TEST_STEP][PASSED] - sleep(10000): null]]></system-out>
         <system-err><![CDATA[]]></system-err>
      </testcase>
      <testcase name="Test Cases/Customer/Logout" time="4.573" classname="Test Cases/Customer/Logout" status="PASSED">
         <system-out><![CDATA[2022-05-24 19:34:35 - [TEST_CASE][PASSED] - Test Cases/Customer/Logout: Test Cases/Customer/Logout

2022-05-24 19:34:35 - [TEST_STEP][PASSED] - tap(findTestObject("Object Repository/Customer/Logout/android.widget.Button"), 0): Tapped on element 'Object Repository/Customer/Logout/android.widget.Button'

2022-05-24 19:34:35 - [MESSAGE][WARNING] - Timeout '0' is invalid. Using default page load timeout: '30'

2022-05-24 19:34:36 - [MESSAGE][PASSED] - Tapped on element 'Object Repository/Customer/Logout/android.widget.Button'

2022-05-24 19:34:36 - [TEST_STEP][PASSED] - tapAndHold(findTestObject("Object Repository/Customer/Logout/android.view.View"), 0, 0): Tapped and held on element 'Object Repository/Customer/Logout/android.view.View' with duration (default)

2022-05-24 19:34:36 - [MESSAGE][WARNING] - Duration '0' is invalid. Using default duration.

2022-05-24 19:34:36 - [MESSAGE][WARNING] - Timeout '0' is invalid. Using default page load timeout: '30'

2022-05-24 19:34:38 - [MESSAGE][PASSED] - Tapped and held on element 'Object Repository/Customer/Logout/android.view.View' with duration (default)

2022-05-24 19:34:38 - [TEST_STEP][PASSED] - closeApplication(): Close app successfully

2022-05-24 19:34:39 - [MESSAGE][PASSED] - Close app successfully]]></system-out>
         <system-err><![CDATA[]]></system-err>
      </testcase>
      <system-out><![CDATA[2022-05-24 19:33:04 - [TEST_SUITE][PASSED] - SwapMate_Mobile_TestSuite: Test Cases/Customer/Logout]]></system-out>
      <system-err><![CDATA[]]></system-err>
   </testsuite>
</testsuites>
